<?xml version="1.0" encoding="UTF-8"?>
<testsuite name="PhoneBookTest" tests="1" skipped="0" failures="0" errors="0" timestamp="2020-07-12T16:49:57" hostname="dyerofieieva-wf.local" time="56.325">
  <properties/>
  <testcase name="start" classname="PhoneBookTest" time="56.325"/>
  <system-out><![CDATA[?[1;31m
Start test 1?[0m
Start searching (linear search)...
Found 500 / 500 entries. Time taken: 0 min. 24 sec. 177 ms.

Start searching (bubble sort + jump search)...
Found 500 / 500 entries. Time taken: 0 min. 27 sec. 410 ms.
Sorting time: 0 min. 2 sec. 462 ms. - STOPPED, moved to linear search
Searching time: 0 min. 24 sec. 948 ms.

Start searching (quick sort + binary search)...
Found 500 / 500 entries. Time taken: 0 min. 3 sec. 804 ms.
Sorting time: 0 min. 3 sec. 789 ms.
Searching time: 0 min. 0 sec. 15 ms.

Start searching (hash table)...
Found 500 / 500 entries. Time taken: 0 min. 0 sec. 645 ms.
Creating time: 0 min. 0 sec. 645 ms.
Searching time: 0 min. 0 sec. 0 ms.
]]></system-out>
  <system-err><![CDATA[]]></system-err>
</testsuite>
